This is pdfTeX, Version 3.14159265-2.6-1.40.20 (TeX Live 2019/Debian) (preloaded format=pdflatex 2020.9.23)  18 OCT 2020 22:35
entering extended mode
 restricted \write18 enabled.
 %&-line parsing enabled.
**_temp.tex
(./_temp.tex
LaTeX2e <2020-02-02> patch level 2
L3 programming layer <2020-02-14> (./EncabezadoTesisMSc.tex
(/usr/share/texlive/texmf-dist/tex/latex/koma-script/scrbook.cls
Document Class: scrbook 2020/01/24 v3.29 KOMA-Script document class (book)
(/usr/share/texlive/texmf-dist/tex/latex/koma-script/scrkbase.sty
Package: scrkbase 2020/01/24 v3.29 KOMA-Script package (KOMA-Script-dependent b
asics and keyval usage)

(/usr/share/texlive/texmf-dist/tex/latex/koma-script/scrbase.sty
Package: scrbase 2020/01/24 v3.29 KOMA-Script package (KOMA-Script-independent 
basics and keyval usage)

(/usr/share/texlive/texmf-dist/tex/latex/graphics/keyval.sty
Package: keyval 2014/10/28 v1.15 key=value parser (DPC)
\KV@toks@=\toks14
)
(/usr/share/texlive/texmf-dist/tex/latex/koma-script/scrlfile.sty
Package: scrlfile 2020/01/24 v3.29 KOMA-Script package (loading files)
)))
(/usr/share/texlive/texmf-dist/tex/latex/koma-script/tocbasic.sty
Package: tocbasic 2020/01/24 v3.29 KOMA-Script package (handling toc-files)
\scr@dte@tocline@numberwidth=\skip47
\scr@dte@tocline@numbox=\box45
)
Package tocbasic Info: omitting babel extension for `toc'
(tocbasic)             because of feature `nobabel' available
(tocbasic)             for `toc' on input line 137.
Package scrbook Info: You've used standard option `12pt'.
(scrbook)             This is correct!
(scrbook)             Internally I'm using `fontsize=12pt'.
(scrbook)             If you'd like to set the option with \KOMAoptions,
(scrbook)             you'd have to use `fontsize=12pt' there
(scrbook)             instead of `12pt', too.

(/usr/share/texlive/texmf-dist/tex/latex/base/fleqn.clo
File: fleqn.clo 2016/12/29 v1.2b Standard LaTeX option (flush left equations)
\mathindent=\dimen134
Applying: [2015/01/01] Make \[ robust on input line 50.
LaTeX Info: Redefining \[ on input line 51.
Already applied: [0000/00/00] Make \[ robust on input line 62.
Applying: [2015/01/01] Make \] robust on input line 74.
LaTeX Info: Redefining \] on input line 75.
Already applied: [0000/00/00] Make \] robust on input line 83.
)
Class scrbook Info: You've used standard option `openany'.
(scrbook)           This is correct!
(scrbook)           Internally I'm using `open=any'.
(scrbook)           If you'd like to set the option with \KOMAoptions,
(scrbook)           you'd have to use `open=any' there
(scrbook)           instead of `openany', too.
Class scrbook Info: File `scrsize12pt.clo' used to setup font sizes on input li
ne 2424.

(/usr/share/texlive/texmf-dist/tex/latex/koma-script/scrsize12pt.clo
File: scrsize12pt.clo 2020/01/24 v3.29 KOMA-Script font size class option (12pt
)
)
(/usr/share/texlive/texmf-dist/tex/latex/koma-script/typearea.sty
Package: typearea 2020/01/24 v3.29 KOMA-Script package (type area)
\ta@bcor=\skip48
\ta@div=\count167
Package typearea Info: You've used standard option `letterpaper'.
(typearea)             This is correct!
(typearea)             Internally I'm using `paper=letter'.
(typearea)             If you'd like to set the option with \KOMAoptions,
(typearea)             you'd have to use `paper=letter' there
(typearea)             instead of `letterpaper', too.
\ta@hblk=\skip49
\ta@vblk=\skip50
\ta@temp=\skip51
\footheight=\skip52
Package typearea Info: With paper sizes other than (almost) `A4' predefined
(typearea)             DIV values do not exist. Using DIV calculation for good
(typearea)             line width (unless using `version=3.24` or prior).

DIV calculation for typearea with good linewidth.
Package typearea Info: These are the values describing the layout:
(typearea)             DIV  = 8
(typearea)             BCOR = 0.0pt
(typearea)             \paperwidth      = 614.295pt
(typearea)              \textwidth      = 383.9344pt
(typearea)              DIV departure   = 1%
(typearea)              \evensidemargin = 81.30374pt
(typearea)              \oddsidemargin  = 4.51688pt
(typearea)             \paperheight     = 794.96999pt
(typearea)              \textheight     = 505.0pt
(typearea)              \topmargin      = -12.77374pt
(typearea)              \headheight     = 18.125pt
(typearea)              \headsep        = 21.75pt
(typearea)              \topskip        = 12.0pt
(typearea)              \footskip       = 50.75pt
(typearea)              \baselineskip   = 14.5pt
(typearea)              on input line 1719.
)
\c@part=\count168
\c@chapter=\count169
\c@section=\count170
\c@subsection=\count171
\c@subsubsection=\count172
\c@paragraph=\count173
\c@subparagraph=\count174
\scr@dte@chapter@maxnumwidth=\skip53
Class scrbook Info: using compatibility default `afterindent=bysign'
(scrbook)           for `\chapter on input line 5545.
\scr@dte@section@maxnumwidth=\skip54
Class scrbook Info: using compatibility default `runin=bysign'
(scrbook)           for `\section on input line 5555.
Class scrbook Info: using compatibility default `afterindent=bysign'
(scrbook)           for `\section on input line 5555.
\scr@dte@part@maxnumwidth=\skip55
Class scrbook Info: using compatibility default `afterindent=true'
(scrbook)           for `\part on input line 5564.
\scr@dte@subsection@maxnumwidth=\skip56
Class scrbook Info: using compatibility default `runin=bysign'
(scrbook)           for `\subsection on input line 5574.
Class scrbook Info: using compatibility default `afterindent=bysign'
(scrbook)           for `\subsection on input line 5574.
\scr@dte@subsubsection@maxnumwidth=\skip57
Class scrbook Info: using compatibility default `runin=bysign'
(scrbook)           for `\subsubsection on input line 5584.
Class scrbook Info: using compatibility default `afterindent=bysign'
(scrbook)           for `\subsubsection on input line 5584.
\scr@dte@paragraph@maxnumwidth=\skip58
Class scrbook Info: using compatibility default `runin=bysign'
(scrbook)           for `\paragraph on input line 5594.
Class scrbook Info: using compatibility default `afterindent=bysign'
(scrbook)           for `\paragraph on input line 5594.
\scr@dte@subparagraph@maxnumwidth=\skip59
Class scrbook Info: using compatibility default `runin=bysign'
(scrbook)           for `\subparagraph on input line 5604.
Class scrbook Info: using compatibility default `afterindent=bysign'
(scrbook)           for `\subparagraph on input line 5604.
\abovecaptionskip=\skip60
\belowcaptionskip=\skip61
\c@pti@nb@sid@b@x=\box46
Package tocbasic Info: omitting babel extension for `lof'
(tocbasic)             because of feature `nobabel' available
(tocbasic)             for `lof' on input line 6846.
\scr@dte@figure@maxnumwidth=\skip62
\c@figure=\count175
Package tocbasic Info: omitting babel extension for `lot'
(tocbasic)             because of feature `nobabel' available
(tocbasic)             for `lot' on input line 6867.
\scr@dte@table@maxnumwidth=\skip63
\c@table=\count176
Class scrbook Info: Redefining `\numberline' on input line 7040.
\bibindent=\dimen135
) (/usr/share/texlive/texmf-dist/tex/latex/base/inputenc.sty
Package: inputenc 2018/08/11 v1.3c Input encoding file
\inpenc@prehook=\toks15
\inpenc@posthook=\toks16
)
(/usr/share/texlive/texmf-dist/tex/generic/babel/babel.sty
Package: babel 2020/02/14 3.40 The Babel package

(/usr/share/texlive/texmf-dist/tex/generic/babel/switch.def
File: switch.def 2020/02/14 3.40 Babel switching mechanism
)
(/usr/share/texlive/texmf-dist/tex/generic/babel-spanish/spanish.ldf
Language: spanish.ldf 2016/03/03 v5.0p Spanish support from the babel system

(/usr/share/texlive/texmf-dist/tex/generic/babel/babel.def
File: babel.def 2020/02/14 3.40 Babel common definitions
\babel@savecnt=\count177
\U@D=\dimen136

(/usr/share/texlive/texmf-dist/tex/generic/babel/txtbabel.def)
\bbl@readstream=\read2
\bbl@dirlevel=\count178
)
\es@quottoks=\toks17
\es@quotdepth=\count179
Package babel Info: Making " an active character on input line 561.
Package babel Info: Making . an active character on input line 662.
Package babel Info: Making < an active character on input line 707.
Package babel Info: Making > an active character on input line 707.
))

Class scrbook Warning: Usage of package `fancyhdr' together
(scrbook)              with a KOMA-Script class is not recommended.
(scrbook)              I'd suggest to use 
(scrbook)              package `scrlayer' or `scrlayer-scrpage', because
(scrbook)              they support KOMA-Script classes.
(scrbook)              With `fancyhdr' several features of class `scrbook'
(scrbook)              like options `headsepline', `footsepline' or command
(scrbook)              `\MakeMarkcase' and the commands `\setkomafont' and
(scrbook)              `\addtokomafont' for the page style elements need
(scrbook)              explicite user intervention to work.
(scrbook)              Nevertheless, using requested
(scrbook)              package `fancyhdr' on input line 6.

(/usr/share/texlive/texmf-dist/tex/latex/fancyhdr/fancyhdr.sty
Package: fancyhdr 2019/01/31 v3.10 Extensive control of page headers and footer
s
\f@nch@headwidth=\skip64
\f@nch@O@elh=\skip65
\f@nch@O@erh=\skip66
\f@nch@O@olh=\skip67
\f@nch@O@orh=\skip68
\f@nch@O@elf=\skip69
\f@nch@O@erf=\skip70
\f@nch@O@olf=\skip71
\f@nch@O@orf=\skip72
)
(/usr/share/texlive/texmf-dist/tex/latex/graphics/epsfig.sty
Package: epsfig 2017/06/25 v1.7b (e)psfig emulation (SPQR)

(/usr/share/texlive/texmf-dist/tex/latex/graphics/graphicx.sty
Package: graphicx 2019/11/30 v1.2a Enhanced LaTeX Graphics (DPC,SPQR)

(/usr/share/texlive/texmf-dist/tex/latex/graphics/graphics.sty
Package: graphics 2019/11/30 v1.4a Standard LaTeX Graphics (DPC,SPQR)

(/usr/share/texlive/texmf-dist/tex/latex/graphics/trig.sty
Package: trig 2016/01/03 v1.10 sin cos tan (DPC)
)
(/usr/share/texlive/texmf-dist/tex/latex/graphics-cfg/graphics.cfg
File: graphics.cfg 2016/06/04 v1.11 sample graphics configuration
)
Package graphics Info: Driver file: pdftex.def on input line 105.

(/usr/share/texlive/texmf-dist/tex/latex/graphics-def/pdftex.def
File: pdftex.def 2018/01/08 v1.0l Graphics/color driver for pdftex
))
\Gin@req@height=\dimen137
\Gin@req@width=\dimen138
)
\epsfxsize=\dimen139
\epsfysize=\dimen140
)
(/usr/share/texlive/texmf-dist/tex/latex/eepic/epic.sty
Enhancements to Picture Environment. Version 1.2 - Released June 1, 1986
\@@multicnt=\count180
\d@lta=\count181
\@delta=\dimen141
\@@delta=\dimen142
\@gridcnt=\count182
\@joinkind=\count183
\@dotgap=\dimen143
\@ddotgap=\dimen144
\@x@diff=\count184
\@y@diff=\count185
\x@diff=\dimen145
\y@diff=\dimen146
\@dotbox=\box47
\num@segments=\count186
\num@segmentsi=\count187
\@datafile=\read3
) (/usr/share/texlive/texmf-dist/tex/latex/eepic/eepic.sty
Extension to Epic and LaTeX. Version 1.1e - Released Dec 21, 1999
\@gphlinewidth=\count188
\@eepictcnt=\count189
\@tempdimc=\dimen147
\maxovaldiam=\dimen148
\@filltype=\box48
) (/usr/share/texlive/texmf-dist/tex/latex/amsmath/amsmath.sty
Package: amsmath 2020/01/20 v2.17e AMS math features
\@mathmargin=\skip73

For additional information on amsmath, use the `?' option.
(/usr/share/texlive/texmf-dist/tex/latex/amsmath/amstext.sty
Package: amstext 2000/06/29 v2.01 AMS text

(/usr/share/texlive/texmf-dist/tex/latex/amsmath/amsgen.sty
File: amsgen.sty 1999/11/30 v2.0 generic functions
\@emptytoks=\toks18
\ex@=\dimen149
))
(/usr/share/texlive/texmf-dist/tex/latex/amsmath/amsbsy.sty
Package: amsbsy 1999/11/29 v1.2d Bold Symbols
\pmbraise@=\dimen150
)
(/usr/share/texlive/texmf-dist/tex/latex/amsmath/amsopn.sty
Package: amsopn 2016/03/08 v2.02 operator names
)
\inf@bad=\count190
LaTeX Info: Redefining \frac on input line 227.
\uproot@=\count191
\leftroot@=\count192
LaTeX Info: Redefining \overline on input line 389.
\classnum@=\count193
\DOTSCASE@=\count194
LaTeX Info: Redefining \ldots on input line 486.
LaTeX Info: Redefining \dots on input line 489.
LaTeX Info: Redefining \cdots on input line 610.
\Mathstrutbox@=\box49
\strutbox@=\box50
\big@size=\dimen151
LaTeX Font Info:    Redeclaring font encoding OML on input line 733.
LaTeX Font Info:    Redeclaring font encoding OMS on input line 734.
\macc@depth=\count195
\c@MaxMatrixCols=\count196
\dotsspace@=\muskip16
\c@parentequation=\count197
\dspbrk@lvl=\count198
\tag@help=\toks19
\row@=\count199
\column@=\count266
\maxfields@=\count267
\andhelp@=\toks20
\eqnshift@=\dimen152
\alignsep@=\dimen153
\tagshift@=\dimen154
\tagwidth@=\dimen155
\totwidth@=\dimen156
\lineht@=\dimen157
\@envbody=\toks21
\multlinegap=\skip74
\multlinetaggap=\skip75
\mathdisplay@stack=\toks22
LaTeX Info: Redefining \[ on input line 2859.
LaTeX Info: Redefining \] on input line 2860.
)
(/usr/share/texlive/texmf-dist/tex/latex/threeparttable/threeparttable.sty
Package: threeparttable 2003/06/13  v 3.0
\@tempboxb=\box51
)
(/usr/share/texlive/texmf-dist/tex/latex/amsmath/amscd.sty
Package: amscd 2017/04/14 v2.1 AMS Commutative Diagrams
\athelp@=\toks23
\minaw@=\dimen158
\bigaw@=\dimen159
\minCDarrowwidth=\dimen160
)
(/usr/share/texlive/texmf-dist/tex/latex/here/here.sty)
(/usr/share/texlive/texmf-dist/tex/latex/float/float.sty
Package: float 2001/11/08 v1.3d Float enhancements (AL)
\c@float@type=\count268
\float@exts=\toks24
\float@box=\box52
\@float@everytoks=\toks25
\@floatcapt=\box53
)
(/usr/share/texlive/texmf-dist/tex/latex/graphics/lscape.sty
Package: lscape 2000/10/22 v3.01 Landscape Pages (DPC)
)
(/usr/share/texlive/texmf-dist/tex/latex/tools/tabularx.sty
Package: tabularx 2020/01/15 v2.11c `tabularx' package (DPC)

(/usr/share/texlive/texmf-dist/tex/latex/tools/array.sty
Package: array 2019/08/31 v2.4l Tabular extension package (FMi)
\col@sep=\dimen161
\ar@mcellbox=\box54
\extrarowheight=\dimen162
\NC@list=\toks26
\extratabsurround=\skip76
\backup@length=\skip77
\ar@cellbox=\box55
)
\TX@col@width=\dimen163
\TX@old@table=\dimen164
\TX@old@col=\dimen165
\TX@target=\dimen166
\TX@delta=\dimen167
\TX@cols=\count269
\TX@ftn=\toks27
)
(/usr/share/texlive/texmf-dist/tex/latex/subfigure/subfigure.sty
Package: subfigure 2002/03/15 v2.1.5 subfigure package
\subfigtopskip=\skip78
\subfigcapskip=\skip79
\subfigcaptopadj=\dimen168
\subfigbottomskip=\skip80
\subfigcapmargin=\dimen169
\subfiglabelskip=\skip81
\c@subfigure=\count270
\c@lofdepth=\count271
\c@subtable=\count272
\c@lotdepth=\count273

****************************************
* Local config file subfigure.cfg used *
****************************************
(/usr/share/texlive/texmf-dist/tex/latex/subfigure/subfigure.cfg)
\subfig@top=\skip82
\subfig@bottom=\skip83
)
(/usr/share/texlive/texmf-dist/tex/latex/tools/longtable.sty
Package: longtable 2020/01/07 v4.13 Multi-page Table package (DPC)
\LTleft=\skip84
\LTright=\skip85
\LTpre=\skip86
\LTpost=\skip87
\LTchunksize=\count274
\LTcapwidth=\dimen170
\LT@head=\box56
\LT@firsthead=\box57
\LT@foot=\box58
\LT@lastfoot=\box59
\LT@cols=\count275
\LT@rows=\count276
\c@LT@tables=\count277
\c@LT@chunks=\count278
\LT@p@ftn=\toks28
)
Class scrbook Info: longtable captions redefined on input line 18.

(/usr/share/texlive/texmf-dist/tex/latex/graphics/rotating.sty
Package: rotating 2016/08/11 v2.16d rotated objects in LaTeX

(/usr/share/texlive/texmf-dist/tex/latex/base/ifthen.sty
Package: ifthen 2014/09/29 v1.1c Standard LaTeX ifthen package (DPC)
)
\c@r@tfl@t=\count279
\rotFPtop=\skip88
\rotFPbot=\skip89
\rot@float@box=\box60
\rot@mess@toks=\toks29
) (./Befehle.sty)
(/usr/share/texlive/texmf-dist/tex/latex/l3backend/l3backend-pdfmode.def
File: l3backend-pdfmode.def 2020-02-03 L3 backend support: PDF mode
\l__kernel_color_stack_int=\count280
\l__pdf_internal_box=\box61
)
(./_temp.aux (./HojaTitulo/HojaTituloMSc.aux)
LaTeX Info: Redefining \. on input line 9.
LaTeX Info: Redefining \% on input line 9.
 (./Kap1/Kap1.aux)
(./Kap2/Kap2.aux) (./Kap3/Kap3.aux) (./Kap4/Kap4.aux) (./Kap5/Kap5.aux)
(./Kap6/Kap6.aux) (./Anexos/Anexos.aux))
\openout1 = `_temp.aux'.

LaTeX Font Info:    Checking defaults for OML/cmm/m/it on input line 61.
LaTeX Font Info:    ... okay on input line 61.
LaTeX Font Info:    Checking defaults for OMS/cmsy/m/n on input line 61.
LaTeX Font Info:    ... okay on input line 61.
LaTeX Font Info:    Checking defaults for OT1/cmr/m/n on input line 61.
LaTeX Font Info:    ... okay on input line 61.
LaTeX Font Info:    Checking defaults for T1/cmr/m/n on input line 61.
LaTeX Font Info:    ... okay on input line 61.
LaTeX Font Info:    Checking defaults for TS1/cmr/m/n on input line 61.
LaTeX Font Info:    ... okay on input line 61.
LaTeX Font Info:    Checking defaults for OMX/cmex/m/n on input line 61.
LaTeX Font Info:    ... okay on input line 61.
LaTeX Font Info:    Checking defaults for U/cmr/m/n on input line 61.
LaTeX Font Info:    ... okay on input line 61.
LaTeX Info: Redefining \. on input line 61.
LaTeX Info: Redefining \% on input line 61.

(/usr/share/texlive/texmf-dist/tex/context/base/mkii/supp-pdf.mkii
[Loading MPS to PDF converter (version 2006.09.02).]
\scratchcounter=\count281
\scratchdimen=\dimen171
\scratchbox=\box62
\nofMPsegments=\count282
\nofMParguments=\count283
\everyMPshowfont=\toks30
\MPscratchCnt=\count284
\MPscratchDim=\dimen172
\MPnumerator=\count285
\makeMPintoPDFobject=\count286
\everyMPtoPDFconversion=\toks31
) (/usr/share/texlive/texmf-dist/tex/latex/epstopdf-pkg/epstopdf-base.sty
Package: epstopdf-base 2020-01-24 v2.11 Base part for package epstopdf
Package epstopdf-base Info: Redefining graphics rule for `.eps' on input line 4
85.

(/usr/share/texlive/texmf-dist/tex/latex/latexconfig/epstopdf-sys.cfg
File: epstopdf-sys.cfg 2010/07/13 v1.3 Configuration of (r)epstopdf for TeX Liv
e
))
\openout2 = `HojaTitulo/HojaTituloMSc.aux'.


(./HojaTitulo/HojaTituloMSc.tex
<HojaTitulo/EscudoUN.png, id=1, 202.356pt x 82.8696pt>
File: HojaTitulo/EscudoUN.png Graphic file (type png)
<use HojaTitulo/EscudoUN.png>
Package pdftex.def Info: HojaTitulo/EscudoUN.png  used on input line 6.
(pdftex.def)             Requested size: 202.3555pt x 82.86937pt.
 [1


{/var/lib/texmf/fonts/map/pdftex/updmap/pdftex.map} <./HojaTitulo/EscudoUN.png>
] [2


] [3] [4


]
Underfull \hbox (badness 10000) in paragraph at lines 42--45

 []


Underfull \hbox (badness 10000) in paragraph at lines 42--45

 []


Underfull \hbox (badness 10000) in paragraph at lines 42--45

 []


Underfull \hbox (badness 10000) in paragraph at lines 48--58

 []


Underfull \hbox (badness 10000) in paragraph at lines 48--58

 []


Underfull \hbox (badness 10000) in paragraph at lines 48--58

 []


Underfull \hbox (badness 10000) in paragraph at lines 48--58

 []

[5] [6


]
Underfull \hbox (badness 10000) in paragraph at lines 64--69

 []


Underfull \hbox (badness 10000) in paragraph at lines 64--69

 []


Underfull \hbox (badness 10000) in paragraph at lines 64--69

 []


Underfull \hbox (badness 10000) in paragraph at lines 64--69

 []

[7] [8


]
Underfull \hbox (badness 10000) in paragraph at lines 73--76

 []


Underfull \hbox (badness 10000) in paragraph at lines 73--76

 []


Underfull \hbox (badness 10000) in paragraph at lines 77--78

 []


Underfull \hbox (badness 10000) in paragraph at lines 79--80

 []


Underfull \hbox (badness 10000) in paragraph at lines 91--92

 []


Underfull \hbox (badness 10000) in paragraph at lines 93--94

 []

)
Underfull \hbox (badness 10000) in paragraph at lines 95--63

 []


Underfull \hbox (badness 10000) in paragraph at lines 95--63

 []

[9] [10] (./_temp.lof
LaTeX Info: Redefining \. on input line 1.
LaTeX Info: Redefining \% on input line 1.
Package tocbasic Info: Using my definition of `\numberline' on input line 3.
Package tocbasic Info: Using my definition of `\numberline' on input line 4.
Package tocbasic Info: Using my definition of `\numberline' on input line 5.
Package tocbasic Info: Using my definition of `\numberline' on input line 6.
Package tocbasic Info: Using my definition of `\numberline' on input line 7.

Overfull \hbox (68.03705pt too wide) in paragraph at lines 7--7
 \OT1/cmr/m/n/12 lon-gi-tud de on-da de la fuen-te. To-ma-do de \OT1/cmr/m/it/1
2 http://www.iuma.ulpgc.es/users/jrsendra/Docencia\OT1/cmr/m/n/12 . []  
 []

Package tocbasic Info: Using my definition of `\numberline' on input line 8.
Package tocbasic Info: Using my definition of `\numberline' on input line 9.
Package tocbasic Info: Using my definition of `\numberline' on input line 10.
Package tocbasic Info: Using my definition of `\numberline' on input line 11.
Package tocbasic Info: Using my definition of `\numberline' on input line 12.

Package tocbasic Warning: number width of figure toc entries should be increase
d!
(tocbasic)                Currently used number width = 28.01385pt,
(tocbasic)                Wanted number separation    = 4.69987pt,
(tocbasic)                Reserved number width       = 27.02475pt on input lin
e 12.


Overfull \hbox (0.9891pt too wide) detected at line 12
\OT1/cmr/bx/n/12 1-10\OT1/cmr/m/n/12 . 
 []

Package tocbasic Info: Using my definition of `\numberline' on input line 13.

Package tocbasic Warning: number width of figure toc entries should be increase
d!
(tocbasic)                Currently used number width = 28.01385pt,
(tocbasic)                Wanted number separation    = 4.69987pt,
(tocbasic)                Reserved number width       = 27.02475pt on input lin
e 13.


Overfull \hbox (0.9891pt too wide) detected at line 13
\OT1/cmr/bx/n/12 1-11\OT1/cmr/m/n/12 . 
 []

Package tocbasic Info: Using my definition of `\numberline' on input line 16.

LaTeX Warning: Citation `AG03p' on page \es@scroman {xi} undefined on input lin
e 16.


LaTeX Warning: Citation `AG04p' on page \es@scroman {xi} undefined on input lin
e 16.

)
\tf@lof=\write3
\openout3 = `_temp.lof'.

 [11




] [12


] (./_temp.lot
LaTeX Info: Redefining \. on input line 1.
LaTeX Info: Redefining \% on input line 1.
Package tocbasic Info: Using my definition of `\numberline' on input line 5.


LaTeX Warning: Citation `AG02i' on page \es@scroman {xiii} undefined on input l
ine 5.

)
\tf@lot=\write4
\openout4 = `_temp.lot'.

 [1

]
\openout2 = `Kap1/Kap1.aux'.

 (./Kap1/Kap1.tex
chapter 1.

Class scrbook Warning: \float@addtolists detected!
(scrbook)              Implementation of \float@addtolist became
(scrbook)              deprecated in KOMA-Script v3.01 2008/11/14 and
(scrbook)              has been replaced by several more flexible
(scrbook)              features of package `tocbasic`.
(scrbook)              Since Version 3.12 support for deprecated
(scrbook)              \float@addtolist interface has been
(scrbook)              restricted to only some of the KOMA-Script
(scrbook)              features and been removed from others.
(scrbook)              Loading of package `scrhack' may help to
(scrbook)              avoid this warning, if you are using a
(scrbook)              a package that still implements the
(scrbook)              deprecated \float@addtolist interface .


Underfull \hbox (badness 10000) in paragraph at lines 4--6

 []

<Kap1/interfaz.png, id=57, 918.43124pt x 846.16125pt>
File: Kap1/interfaz.png Graphic file (type png)
<use Kap1/interfaz.png>
Package pdftex.def Info: Kap1/interfaz.png  used on input line 19.
(pdftex.def)             Requested size: 215.95955pt x 198.96413pt.
[2


]
<Kap1/fibra.png, id=61, 1846.9pt x 506.89375pt>
File: Kap1/fibra.png Graphic file (type png)
<use Kap1/fibra.png>
Package pdftex.def Info: Kap1/fibra.png  used on input line 45.
(pdftex.def)             Requested size: 356.79497pt x 97.9196pt.
 [3 <./Kap1/interfaz.png>]
<Kap1/tipos_fibras.png, id=69, 1361.085pt x 405.515pt>
File: Kap1/tipos_fibras.png Graphic file (type png)
<use Kap1/tipos_fibras.png>
Package pdftex.def Info: Kap1/tipos_fibras.png  used on input line 61.
(pdftex.def)             Requested size: 356.79497pt x 106.29767pt.
LaTeX Info: Redefining \. on input line 67.
LaTeX Info: Redefining \% on input line 67.
 [4 <./Kap1/fibra.png> <./Kap1/tipos_fibras.png>]
<Kap1/fibras3.jpg, id=75, 542.025pt x 309.155pt>
File: Kap1/fibras3.jpg Graphic file (type jpg)
<use Kap1/fibras3.jpg>
Package pdftex.def Info: Kap1/fibras3.jpg  used on input line 70.
(pdftex.def)             Requested size: 309.85222pt x 176.73436pt.

Underfull \hbox (badness 10000) in paragraph at lines 76--77

 []

[5 <./Kap1/fibras3.jpg>]
<Kap1/atenuacion.png, id=79, 399.4925pt x 303.1325pt>
File: Kap1/atenuacion.png Graphic file (type png)
<use Kap1/atenuacion.png>
Package pdftex.def Info: Kap1/atenuacion.png  used on input line 83.
(pdftex.def)             Requested size: 262.9023pt x 199.49913pt.

Underfull \hbox (badness 7468) in paragraph at lines 84--84
[]\OT1/cmr/m/n/12 Contribuciones en la ate-nua-ci^^Son de la on-da en una fi-br
a ^^Sopti-
 []


Underfull \hbox (badness 4328) in paragraph at lines 84--84
\OT1/cmr/m/n/12 ca en fun-ci^^Son de la lon-gi-tud de on-da de la fuen-te. To-m
a-do de
 []

! Misplaced alignment tab character &.
l.100 ... $N$ es el número de zonas de Fresnel, &
                                                  (x,y)& describen la abertu...
I can't figure out why you would want to use a tab mark
here. If you just want an ampersand, the remedy is
simple: Just type `I\&' now. But if some right brace
up above has ended a previous alignment prematurely,
you're probably due for more error messages, and you
might try typing `S' now just to see what is salvageable.

! Misplaced alignment tab character &.
l.100 ...s el número de zonas de Fresnel, &(x,y)&
                                                   describen la abertura y $...
I can't figure out why you would want to use a tab mark
here. If you just want an ampersand, the remedy is
simple: Just type `I\&' now. But if some right brace
up above has ended a previous alignment prematurely,
you're probably due for more error messages, and you
might try typing `S' now just to see what is salvageable.


Underfull \hbox (badness 10000) in paragraph at lines 99--101

 []

LaTeX Info: Redefining \. on input line 102.
LaTeX Info: Redefining \% on input line 102.
[6 <./Kap1/atenuacion.png>]
<Kap1/apertura_rect.png, id=84, 1607.00375pt x 986.68625pt>
File: Kap1/apertura_rect.png Graphic file (type png)
<use Kap1/apertura_rect.png>
Package pdftex.def Info: Kap1/apertura_rect.png  used on input line 123.
(pdftex.def)             Requested size: 352.10284pt x 216.18336pt.
 [7 <./Kap1/apertura_rect.png>]
! Missing delimiter (. inserted).
<to be read again> 
                   {
l.139 ...2\pi i ux} dx &=&\left\frac{-1}{2\pi i u}
                                                    e^{-2\pi i ux}\right |_{...
I was expecting to see something like `(' or `\{' or
`\}' here. If you typed, e.g., `{' instead of `\{', you
should probably delete the `{' by typing `1' now, so that
braces don't get unbalanced. Otherwise just proceed.
Acceptable delimiters are characters whose \delcode is
nonnegative, or you can use `\delimiter <delimiter code>'.

<Kap1/sinc.png, id=90, 2952.02875pt x 1390.19376pt>
File: Kap1/sinc.png Graphic file (type png)
<use Kap1/sinc.png>
Package pdftex.def Info: Kap1/sinc.png  used on input line 151.
(pdftex.def)             Requested size: 352.10284pt x 165.79784pt.

LaTeX Warning: Reference `irrad_rect' on page 8 undefined on input line 156.

LaTeX Info: Redefining \. on input line 157.
LaTeX Info: Redefining \% on input line 157.
[8 <./Kap1/sinc.png>]
Underfull \hbox (badness 10000) in paragraph at lines 158--159

 []

<Kap1/apertura_circ.png, id=95, 1542.76375pt x 906.38625pt>
File: Kap1/apertura_circ.png Graphic file (type png)
<use Kap1/apertura_circ.png>
Package pdftex.def Info: Kap1/apertura_circ.png  used on input line 162.
(pdftex.def)             Requested size: 352.10284pt x 206.86012pt.

Underfull \vbox (badness 6188) has occurred while \output is active []

 [9 <./Kap1/apertura_circ.png>]
LaTeX Info: Redefining \. on input line 209.
LaTeX Info: Redefining \% on input line 209.
 [10]
Underfull \hbox (badness 10000) in paragraph at lines 213--214

 []

<Kap1/apertura_rejilla.png, id=103, 1559.8275pt x 915.42pt>
File: Kap1/apertura_rejilla.png Graphic file (type png)
<use Kap1/apertura_rejilla.png>
Package pdftex.def Info: Kap1/apertura_rejilla.png  used on input line 217.
(pdftex.def)             Requested size: 375.57779pt x 220.41766pt.
[11 <./Kap1/apertura_rejilla.png>]
LaTeX Info: Redefining \. on input line 270.
LaTeX Info: Redefining \% on input line 270.
 [12]
Underfull \hbox (badness 10000) in paragraph at lines 273--275

 []


Underfull \hbox (badness 10000) in paragraph at lines 276--277

 []

<Kap1/nirsp.png, id=112, 2101.8525pt x 947.54pt>
File: Kap1/nirsp.png Graphic file (type png)
<use Kap1/nirsp.png>
Package pdftex.def Info: Kap1/nirsp.png  used on input line 282.
(pdftex.def)             Requested size: 328.62788pt x 148.13951pt.

Underfull \vbox (badness 10000) has occurred while \output is active []

 [13]
! Undefined control sequence.
l.287 ...csec y una resolución espectral $R\aprox
                                                  250000$ analizando estados...
The control sequence at the end of the top line
of your error message was never \def'ed. If you have
misspelled it (e.g., `\hobx'), type `I' and the correct
spelling (e.g., `I\hbox'). Otherwise just continue,
and I'll forget about whatever was undefined.


Underfull \hbox (badness 10000) in paragraph at lines 287--288

 []

<Kap1/multilentes.jpg, id=117, 825.0825pt x 482.80376pt>
File: Kap1/multilentes.jpg Graphic file (type jpg)
<use Kap1/multilentes.jpg>
Package pdftex.def Info: Kap1/multilentes.jpg  used on input line 293.
(pdftex.def)             Requested size: 328.62788pt x 192.30034pt.

Underfull \vbox (badness 10000) has occurred while \output is active []

LaTeX Info: Redefining \. on input line 297.
LaTeX Info: Redefining \% on input line 297.
 [14 <./Kap1/nirsp.png (PNG copy)>]) [15 <./Kap1/multilentes.jpg>]
\openout2 = `Kap2/Kap2.aux'.

 (./Kap2/Kap2.tex
chapter 2.

Underfull \hbox (badness 10000) in paragraph at lines 2--3

 []


Underfull \hbox (badness 10000) in paragraph at lines 4--5

 []


Underfull \hbox (badness 10000) in paragraph at lines 7--8

 []


Underfull \hbox (badness 10000) in paragraph at lines 10--11

 []


Underfull \hbox (badness 10000) in paragraph at lines 12--13

 []

) [16



]
\openout2 = `Kap3/Kap3.aux'.

 (./Kap3/Kap3.tex
chapter 3.

Underfull \hbox (badness 10000) in paragraph at lines 2--3

 []


Underfull \hbox (badness 10000) in paragraph at lines 5--6

 []


LaTeX Warning: Citation `AG01' on page 17 undefined on input line 7.


LaTeX Warning: Citation `AG12' on page 17 undefined on input line 9.


LaTeX Warning: Citation `AG52' on page 17 undefined on input line 9.


LaTeX Warning: Citation `AG70' on page 17 undefined on input line 9.


LaTeX Warning: Citation `AG08a' on page 17 undefined on input line 9.


LaTeX Warning: Citation `AG09a' on page 17 undefined on input line 9.


LaTeX Warning: Citation `AG36a' on page 17 undefined on input line 9.


LaTeX Warning: Citation `AG01i' on page 17 undefined on input line 9.


Underfull \hbox (badness 10000) in paragraph at lines 7--10

 []


Underfull \hbox (badness 10000) in paragraph at lines 11--12

 []

[17



]
Underfull \hbox (badness 10000) in paragraph at lines 14--15

 []


Underfull \hbox (badness 10000) in paragraph at lines 16--17

 []

<Kap3/FrutoSp.png, id=130, 391.2216pt x 273.6624pt>
File: Kap3/FrutoSp.png Graphic file (type png)
<use Kap3/FrutoSp.png>
Package pdftex.def Info: Kap3/FrutoSp.png  used on input line 22.
(pdftex.def)             Requested size: 391.22064pt x 273.66171pt.

LaTeX Warning: Citation `AG03p' on page 18 undefined on input line 23.


LaTeX Warning: Citation `AG04p' on page 18 undefined on input line 23.


LaTeX Warning: Citation `AG03p' on page 18 undefined on input line 23.


LaTeX Warning: Citation `AG04p' on page 18 undefined on input line 23.


LaTeX Warning: `h' float specifier changed to `ht'.


Underfull \hbox (badness 10000) in paragraph at lines 27--28

 []


Underfull \hbox (badness 10000) in paragraph at lines 29--30

 []


Underfull \hbox (badness 10000) in paragraph at lines 31--32

 []

LaTeX Info: Redefining \. on input line 32.
LaTeX Info: Redefining \% on input line 32.
[18]

LaTeX Warning: Citation `AG02i' on page 19 undefined on input line 47.


LaTeX Warning: Citation `AG02i' on page 19 undefined on input line 47.


Underfull \hbox (badness 10000) in paragraph at lines 54--55

 []


Underfull \hbox (badness 10000) in paragraph at lines 57--58

 []

LaTeX Info: Redefining \. on input line 58.
LaTeX Info: Redefining \% on input line 58.
[19 <./Kap3/FrutoSp.png>]
Underfull \hbox (badness 10000) in paragraph at lines 59--60

 []


Underfull \hbox (badness 10000) in paragraph at lines 61--62

 []


Underfull \hbox (badness 10000) in paragraph at lines 67--68

 []

)
Underfull \hbox (badness 10000) in paragraph at lines 69--87

 []

LaTeX Info: Redefining \. on input line 87.
LaTeX Info: Redefining \% on input line 87.
[20]
\openout2 = `Kap4/Kap4.aux'.

 (./Kap4/Kap4.tex
chapter 4.
)
Underfull \hbox (badness 10000) in paragraph at lines 2--88

 []

[21



]
\openout2 = `Kap5/Kap5.aux'.

 (./Kap5/Kap5.tex
chapter 5.
)
Underfull \hbox (badness 10000) in paragraph at lines 2--89

 []

[22



]
\openout2 = `Kap6/Kap6.aux'.

 (./Kap6/Kap6.tex
chapter 6.

Underfull \hbox (badness 10000) in paragraph at lines 3--4

 []

)
Underfull \hbox (badness 10000) in paragraph at lines 6--90

 []

[23



]
\openout2 = `Anexos/Anexos.aux'.

 (./Anexos/Anexos.tex

Class scrbook Warning: You are using `\begin{appendix}...\end{appendix}'.
(scrbook)              You should note, that `\appendix' is a mostly globally
(scrbook)              working command not an enviroment with only local
(scrbook)              effects. Therefore `\end{appendix}' will neither
(scrbook)              switch back to normal section numbering nor finish
(scrbook)              every other effect of `\begin{appendix}'.
(scrbook)              Nevertheless, some effects may end with
(scrbook)              `\end{appendix}' and the document may become
(scrbook)              inconsistent.
(scrbook)              Because of this, you should remove `\end{appendix}'
(scrbook)              and replace `\begin{appendix}' by command
(scrbook)              `\appendix' on input line 1.

chapter A.

Underfull \hbox (badness 10000) in paragraph at lines 3--4

 []

[24



]
chapter B.

Underfull \hbox (badness 10000) in paragraph at lines 6--7

 []

[25

]
chapter C.

Underfull \hbox (badness 10000) in paragraph at lines 9--10

 []


Underfull \hbox (badness 10000) in paragraph at lines 11--12

 []


Underfull \hbox (badness 10000) in paragraph at lines 13--14

 []


Underfull \hbox (badness 10000) in paragraph at lines 20--20
[]|\OT1/cmr/m/n/12 American Psy-cho-lo-gi-cal As-so-cia-tion
 []

[26

]) [27]
No file _temp.bbl.
(./_temp.aux (./HojaTitulo/HojaTituloMSc.aux)
LaTeX Info: Redefining \. on input line 9.
LaTeX Info: Redefining \% on input line 9.
 (./Kap1/Kap1.aux)
(./Kap2/Kap2.aux) (./Kap3/Kap3.aux) (./Kap4/Kap4.aux) (./Kap5/Kap5.aux)
(./Kap6/Kap6.aux) (./Anexos/Anexos.aux))

LaTeX Warning: There were undefined references.

 ) ) 
Here is how much of TeX's memory you used:
 6805 strings out of 481239
 117128 string characters out of 5920377
 489169 words of memory out of 5000000
 21899 multiletter control sequences out of 15000+600000
 541441 words of font info for 55 fonts, out of 8000000 for 9000
 1141 hyphenation exceptions out of 8191
 46i,14n,74p,10127b,469s stack positions out of 5000i,500n,10000p,200000b,80000s
</usr/share/texlive/texmf-dist/fonts/type1/public/amsfonts/cm/cmbx10.pfb></
usr/share/texlive/texmf-dist/fonts/type1/public/amsfonts/cm/cmbx12.pfb></usr/sh
are/texlive/texmf-dist/fonts/type1/public/amsfonts/cm/cmcsc10.pfb></usr/share/t
exlive/texmf-dist/fonts/type1/public/amsfonts/cm/cmex10.pfb></usr/share/texlive
/texmf-dist/fonts/type1/public/amsfonts/cm/cmmi12.pfb></usr/share/texlive/texmf
-dist/fonts/type1/public/amsfonts/cm/cmmi8.pfb></usr/share/texlive/texmf-dist/f
onts/type1/public/amsfonts/cm/cmr10.pfb></usr/share/texlive/texmf-dist/fonts/ty
pe1/public/amsfonts/cm/cmr12.pfb></usr/share/texlive/texmf-dist/fonts/type1/pub
lic/amsfonts/cm/cmr6.pfb></usr/share/texlive/texmf-dist/fonts/type1/public/amsf
onts/cm/cmr7.pfb></usr/share/texlive/texmf-dist/fonts/type1/public/amsfonts/cm/
cmr8.pfb></usr/share/texlive/texmf-dist/fonts/type1/public/amsfonts/cm/cmsl12.p
fb></usr/share/texlive/texmf-dist/fonts/type1/public/amsfonts/cm/cmssbx10.pfb><
/usr/share/texlive/texmf-dist/fonts/type1/public/amsfonts/cm/cmsy10.pfb></usr/s
hare/texlive/texmf-dist/fonts/type1/public/amsfonts/cm/cmsy6.pfb></usr/share/te
xlive/texmf-dist/fonts/type1/public/amsfonts/cm/cmsy8.pfb></usr/share/texlive/t
exmf-dist/fonts/type1/public/amsfonts/cm/cmti12.pfb>
Output written on _temp.pdf (39 pages, 1330140 bytes).
PDF statistics:
 223 PDF objects out of 1000 (max. 8388607)
 141 compressed objects within 2 object streams
 0 named destinations out of 1000 (max. 500000)
 66 words of extra memory for PDF output out of 10000 (max. 10000000)

